2013-10-23 18:51:03 Authorizenet-errors: Array
(
    [0] => 3
    [1] => 2
    [2] => 13
    [3] => The merchant login ID or password is invalid or the account is inactive.
    [4] => 
    [5] => P
    [6] => 0
    [7] => 
    [8] => 
    [9] => 26.00
    [10] => 
    [11] => auth_capture
    [12] => 
    [13] => 
    [14] => 
    [15] => 
    [16] => 
    [17] => 
    [18] => 
    [19] => 
    [20] => 
    [21] => 
    [22] => 
    [23] => 
    [24] => 
    [25] => 
    [26] => 
    [27] => 
    [28] => 
    [29] => 
    [30] => 
    [31] => 
    [32] => 
    [33] => 
    [34] => 
    [35] => 
    [36] => 
    [37] => 4D6DDD96DB3BFBA77E58E250CEF1A16F
    [38] => 
    [39] => 
    [40] => 
    [41] => 
    [42] => 
    [43] => 
    [44] => 
    [45] => 
    [46] => 
    [47] => 
    [48] => 
    [49] => 
    [50] => 
    [51] => 
    [52] => 
    [53] => 
    [54] => 
    [55] => 
    [56] => 
    [57] => 
    [58] => 
    [59] => 
    [60] => 
    [61] => 
    [62] => 
    [63] => 
    [64] => 
    [65] => 
    [66] => 
    [67] => 
)

2014-11-03 23:07:07 Authorizenet-errors: Array
(
    [0] => 3
    [1] => 1
    [2] => 6
    [3] => The credit card number is invalid.
    [4] => 
    [5] => P
    [6] => 0
    [7] => 
    [8] => 
    [9] => 19.99
    [10] => CC
    [11] => auth_capture
    [12] => 
    [13] => Jonathab
    [14] => Bao
    [15] => 
    [16] => 3418 Fionna Place
    [17] => West Covina
    [18] => California
    [19] => 91755
    [20] => United States
    [21] => 3237215537
    [22] => 
    [23] => delonfighter@yahoo.com
    [24] => Jonathab
    [25] => Bao
    [26] => 
    [27] => 3418 Fionna Place
    [28] => West Covina
    [29] => California
    [30] => 91755
    [31] => United States
    [32] => 0.00
    [33] => 
    [34] => 
    [35] => 
    [36] => 
    [37] => 0B490A43B38A138D250CD7A398B13500
    [38] => 
    [39] => 
    [40] => 
    [41] => 
    [42] => 
    [43] => 
    [44] => 
    [45] => 
    [46] => 
    [47] => 
    [48] => 
    [49] => 
    [50] => XXXX2134
    [51] => 
    [52] => 
    [53] => 
    [54] => 
    [55] => 
    [56] => 
    [57] => 
    [58] => 
    [59] => 
    [60] => 
    [61] => 
    [62] => 
    [63] => 
    [64] => 
    [65] => 
    [66] => 
    [67] => 
)

2014-11-03 23:08:17 Authorizenet-errors: Array
(
    [0] => 3
    [1] => 1
    [2] => 11
    [3] => A duplicate transaction has been submitted.
    [4] => 
    [5] => P
    [6] => 0
    [7] => 
    [8] => 
    [9] => 19.99
    [10] => CC
    [11] => auth_capture
    [12] => 
    [13] => Jonathab
    [14] => Bao
    [15] => 
    [16] => 3418 Fionna Place
    [17] => West Covina
    [18] => California
    [19] => 91755
    [20] => United States
    [21] => 3237215537
    [22] => 
    [23] => delonfighter@yahoo.com
    [24] => Jonathab
    [25] => Bao
    [26] => 
    [27] => 3418 Fionna Place
    [28] => West Covina
    [29] => California
    [30] => 91755
    [31] => United States
    [32] => 0.00
    [33] => 
    [34] => 
    [35] => 
    [36] => 
    [37] => 0B490A43B38A138D250CD7A398B13500
    [38] => 
    [39] => 
    [40] => 
    [41] => 
    [42] => 
    [43] => 
    [44] => 
    [45] => 
    [46] => 
    [47] => 
    [48] => 
    [49] => 
    [50] => XXXX1253
    [51] => Visa
    [52] => 
    [53] => 
    [54] => 
    [55] => 
    [56] => 
    [57] => 
    [58] => 
    [59] => 
    [60] => 
    [61] => 
    [62] => 
    [63] => 
    [64] => 
    [65] => 
    [66] => 
    [67] => 
)

2014-11-03 23:08:51 Authorizenet-errors: Array
(
    [0] => 3
    [1] => 1
    [2] => 11
    [3] => A duplicate transaction has been submitted.
    [4] => 
    [5] => P
    [6] => 0
    [7] => 
    [8] => 
    [9] => 19.99
    [10] => CC
    [11] => auth_capture
    [12] => 
    [13] => Jonathab
    [14] => Bao
    [15] => 
    [16] => 3418 Fionna Place
    [17] => West Covina
    [18] => California
    [19] => 91755
    [20] => United States
    [21] => 3237215537
    [22] => 
    [23] => delonfighter@yahoo.com
    [24] => Jonathab
    [25] => Bao
    [26] => 
    [27] => 3418 Fionna Place
    [28] => West Covina
    [29] => California
    [30] => 91755
    [31] => United States
    [32] => 0.00
    [33] => 
    [34] => 
    [35] => 
    [36] => 
    [37] => 0B490A43B38A138D250CD7A398B13500
    [38] => 
    [39] => 
    [40] => 
    [41] => 
    [42] => 
    [43] => 
    [44] => 
    [45] => 
    [46] => 
    [47] => 
    [48] => 
    [49] => 
    [50] => XXXX1253
    [51] => Visa
    [52] => 
    [53] => 
    [54] => 
    [55] => 
    [56] => 
    [57] => 
    [58] => 
    [59] => 
    [60] => 
    [61] => 
    [62] => 
    [63] => 
    [64] => 
    [65] => 
    [66] => 
    [67] => 
)

2014-11-03 23:13:12 Authorizenet-errors: Array
(
    [0] => 3
    [1] => 1
    [2] => 6
    [3] => The credit card number is invalid.
    [4] => 
    [5] => P
    [6] => 0
    [7] => 
    [8] => 
    [9] => 19.99
    [10] => CC
    [11] => auth_capture
    [12] => 
    [13] => Jonathab
    [14] => Bao
    [15] => 
    [16] => 3418 Fionna Place
    [17] => West Covina
    [18] => California
    [19] => 91755
    [20] => United States
    [21] => 3237215537
    [22] => 
    [23] => delonfighter@yahoo.com
    [24] => Jonathab
    [25] => Bao
    [26] => 
    [27] => 3418 Fionna Place
    [28] => West Covina
    [29] => California
    [30] => 91755
    [31] => United States
    [32] => 0.00
    [33] => 
    [34] => 
    [35] => 
    [36] => 
    [37] => 0B490A43B38A138D250CD7A398B13500
    [38] => 
    [39] => 
    [40] => 
    [41] => 
    [42] => 
    [43] => 
    [44] => 
    [45] => 
    [46] => 
    [47] => 
    [48] => 
    [49] => 
    [50] => XXXX1353
    [51] => 
    [52] => 
    [53] => 
    [54] => 
    [55] => 
    [56] => 
    [57] => 
    [58] => 
    [59] => 
    [60] => 
    [61] => 
    [62] => 
    [63] => 
    [64] => 
    [65] => 
    [66] => 
    [67] => 
)

2014-11-03 23:30:43 Authorizenet-errors: Array
(
    [0] => 3
    [1] => 1
    [2] => 6
    [3] => The credit card number is invalid.
    [4] => 
    [5] => P
    [6] => 0
    [7] => 
    [8] => 
    [9] => 19.99
    [10] => CC
    [11] => auth_capture
    [12] => 
    [13] => Jonathab
    [14] => Bao
    [15] => 
    [16] => 3418 Fionna Place
    [17] => West Covina
    [18] => California
    [19] => 91755
    [20] => United States
    [21] => 3237215537
    [22] => 
    [23] => delonfighter@yahoo.com
    [24] => Jonathab
    [25] => Bao
    [26] => 
    [27] => 3418 Fionna Place
    [28] => West Covina
    [29] => California
    [30] => 91755
    [31] => United States
    [32] => 0.00
    [33] => 
    [34] => 
    [35] => 
    [36] => 
    [37] => 0B490A43B38A138D250CD7A398B13500
    [38] => 
    [39] => 
    [40] => 
    [41] => 
    [42] => 
    [43] => 
    [44] => 
    [45] => 
    [46] => 
    [47] => 
    [48] => 
    [49] => 
    [50] => XXXX4957
    [51] => 
    [52] => 
    [53] => 
    [54] => 
    [55] => 
    [56] => 
    [57] => 
    [58] => 
    [59] => 
    [60] => 
    [61] => 
    [62] => 
    [63] => 
    [64] => 
    [65] => 
    [66] => 
    [67] => 
)

2014-11-03 23:35:02 Authorizenet-errors: Array
(
    [0] => 3
    [1] => 1
    [2] => 6
    [3] => The credit card number is invalid.
    [4] => 
    [5] => P
    [6] => 0
    [7] => 
    [8] => 
    [9] => 19.99
    [10] => CC
    [11] => auth_capture
    [12] => 
    [13] => Jonathab
    [14] => b
    [15] => 
    [16] => 3418 Fionna Place
    [17] => West Covina
    [18] => California
    [19] => 91755
    [20] => United States
    [21] => 3237215537
    [22] => 
    [23] => delonfighter@yahoo.com
    [24] => Jonathab
    [25] => b
    [26] => 
    [27] => 3418 Fionna Place
    [28] => West Covina
    [29] => California
    [30] => 91755
    [31] => United States
    [32] => 0.00
    [33] => 
    [34] => 
    [35] => 
    [36] => 
    [37] => 0B490A43B38A138D250CD7A398B13500
    [38] => 
    [39] => 
    [40] => 
    [41] => 
    [42] => 
    [43] => 
    [44] => 
    [45] => 
    [46] => 
    [47] => 
    [48] => 
    [49] => 
    [50] => XXXX1259
    [51] => 
    [52] => 
    [53] => 
    [54] => 
    [55] => 
    [56] => 
    [57] => 
    [58] => 
    [59] => 
    [60] => 
    [61] => 
    [62] => 
    [63] => 
    [64] => 
    [65] => 
    [66] => 
    [67] => 
)

2014-11-04 21:49:58 Authorizenet-errors: Array
(
    [0] => 3
    [1] => 2
    [2] => 13
    [3] => The merchant login ID or password is invalid or the account is inactive.
    [4] => 
    [5] => P
    [6] => 0
    [7] => 
    [8] => 
    [9] => 19.99
    [10] => 
    [11] => auth_capture
    [12] => 
    [13] => 
    [14] => 
    [15] => 
    [16] => 
    [17] => 
    [18] => 
    [19] => 
    [20] => 
    [21] => 
    [22] => 
    [23] => 
    [24] => 
    [25] => 
    [26] => 
    [27] => 
    [28] => 
    [29] => 
    [30] => 
    [31] => 
    [32] => 
    [33] => 
    [34] => 
    [35] => 
    [36] => 
    [37] => F5FB0412546E713FCEC05FA033DCD235
    [38] => 
    [39] => 
    [40] => 
    [41] => 
    [42] => 
    [43] => 
    [44] => 
    [45] => 
    [46] => 
    [47] => 
    [48] => 
    [49] => 
    [50] => 
    [51] => 
    [52] => 
    [53] => 
    [54] => 
    [55] => 
    [56] => 
    [57] => 
    [58] => 
    [59] => 
    [60] => 
    [61] => 
    [62] => 
    [63] => 
    [64] => 
    [65] => 
    [66] => 
    [67] => 
)

2014-11-04 22:44:38 Authorizenet-errors: Array
(
    [0] => 3
    [1] => 1
    [2] => 6
    [3] => The credit card number is invalid.
    [4] => 
    [5] => P
    [6] => 0
    [7] => 
    [8] => 
    [9] => 19.99
    [10] => CC
    [11] => auth_capture
    [12] => 
    [13] => Jonathab
    [14] => Bao
    [15] => 
    [16] => 3418 Fionna Place
    [17] => West Covina
    [18] => California
    [19] => 91755
    [20] => United States
    [21] => 3237215537
    [22] => 
    [23] => delonfighter@yahoo.com
    [24] => Jonathab
    [25] => Bao
    [26] => 
    [27] => 3418 Fionna Place
    [28] => West Covina
    [29] => California
    [30] => 91755
    [31] => United States
    [32] => 0.00
    [33] => 
    [34] => 
    [35] => 
    [36] => 
    [37] => 0B490A43B38A138D250CD7A398B13500
    [38] => 
    [39] => 
    [40] => 
    [41] => 
    [42] => 
    [43] => 
    [44] => 
    [45] => 
    [46] => 
    [47] => 
    [48] => 
    [49] => 
    [50] => XXXX6473
    [51] => 
    [52] => 
    [53] => 
    [54] => 
    [55] => 
    [56] => 
    [57] => 
    [58] => 
    [59] => 
    [60] => 
    [61] => 
    [62] => 
    [63] => 
    [64] => 
    [65] => 
    [66] => 
    [67] => 
)

